<?xml version="1.0" encoding="UTF-8"?>
<testsuite xmlns:xsi="http://www.w3.org/2001/XMLSchema-instance" xsi:noNamespaceSchemaLocation="https://maven.apache.org/surefire/maven-surefire-plugin/xsd/surefire-test-report.xsd" name="smartstreet.SensorStationTest" time="0" tests="1" errors="0" skipped="0" failures="0">
  <properties>
    <property name="gopherProxySet" value="false"/>
    <property name="awt.toolkit" value="sun.lwawt.macosx.LWCToolkit"/>
    <property name="java.specification.version" value="10"/>
    <property name="file.encoding.pkg" value="sun.io"/>
    <property name="sun.cpu.isalist" value=""/>
    <property name="sun.jnu.encoding" value="UTF-8"/>
    <property name="java.class.path" value="/Users/supriyajain/Desktop/GitRepo/cmpe281/cmpe281/CloudSense/target/test-classes:/Users/supriyajain/Desktop/GitRepo/cmpe281/cmpe281/CloudSense/target/classes:/Users/supriyajain/.m2/repository/org/mongodb/mongodb-driver-sync/3.9.0/mongodb-driver-sync-3.9.0.jar:/Users/supriyajain/.m2/repository/org/mongodb/bson/3.6.3/bson-3.6.3.jar:/Users/supriyajain/.m2/repository/org/mongodb/mongodb-driver-core/3.6.3/mongodb-driver-core-3.6.3.jar:/Users/supriyajain/.m2/repository/com/fusioncharts/fusionexport/fusionexport/1.0.0/fusionexport-1.0.0.jar:/Users/supriyajain/.m2/repository/org/jsoup/jsoup/1.7.2/jsoup-1.7.2.jar:/Users/supriyajain/.m2/repository/org/apache/ant/ant/1.8.2/ant-1.8.2.jar:/Users/supriyajain/.m2/repository/org/apache/ant/ant-launcher/1.8.2/ant-launcher-1.8.2.jar:/Users/supriyajain/.m2/repository/org/apache/httpcomponents/httpclient/4.5.5/httpclient-4.5.5.jar:/Users/supriyajain/.m2/repository/org/apache/httpcomponents/httpcore/4.4.9/httpcore-4.4.9.jar:/Users/supriyajain/.m2/repository/commons-codec/commons-codec/1.11/commons-codec-1.11.jar:/Users/supriyajain/.m2/repository/org/apache/httpcomponents/httpmime/4.5.5/httpmime-4.5.5.jar:/Users/supriyajain/.m2/repository/com/google/code/gson/gson/2.8.5/gson-2.8.5.jar:/Users/supriyajain/.m2/repository/org/springframework/boot/spring-boot-starter-web/2.0.1.RELEASE/spring-boot-starter-web-2.0.1.RELEASE.jar:/Users/supriyajain/.m2/repository/org/springframework/boot/spring-boot-starter/2.0.1.RELEASE/spring-boot-starter-2.0.1.RELEASE.jar:/Users/supriyajain/.m2/repository/org/springframework/boot/spring-boot/2.0.1.RELEASE/spring-boot-2.0.1.RELEASE.jar:/Users/supriyajain/.m2/repository/org/springframework/boot/spring-boot-autoconfigure/2.0.1.RELEASE/spring-boot-autoconfigure-2.0.1.RELEASE.jar:/Users/supriyajain/.m2/repository/org/springframework/boot/spring-boot-starter-logging/2.0.1.RELEASE/spring-boot-starter-logging-2.0.1.RELEASE.jar:/Users/supriyajain/.m2/repository/ch/qos/logback/logback-classic/1.2.3/logback-classic-1.2.3.jar:/Users/supriyajain/.m2/repository/ch/qos/logback/logback-core/1.2.3/logback-core-1.2.3.jar:/Users/supriyajain/.m2/repository/org/apache/logging/log4j/log4j-to-slf4j/2.10.0/log4j-to-slf4j-2.10.0.jar:/Users/supriyajain/.m2/repository/org/apache/logging/log4j/log4j-api/2.10.0/log4j-api-2.10.0.jar:/Users/supriyajain/.m2/repository/org/slf4j/jul-to-slf4j/1.7.25/jul-to-slf4j-1.7.25.jar:/Users/supriyajain/.m2/repository/org/yaml/snakeyaml/1.19/snakeyaml-1.19.jar:/Users/supriyajain/.m2/repository/org/springframework/boot/spring-boot-starter-json/2.0.1.RELEASE/spring-boot-starter-json-2.0.1.RELEASE.jar:/Users/supriyajain/.m2/repository/com/fasterxml/jackson/core/jackson-databind/2.9.5/jackson-databind-2.9.5.jar:/Users/supriyajain/.m2/repository/com/fasterxml/jackson/core/jackson-annotations/2.9.0/jackson-annotations-2.9.0.jar:/Users/supriyajain/.m2/repository/com/fasterxml/jackson/core/jackson-core/2.9.5/jackson-core-2.9.5.jar:/Users/supriyajain/.m2/repository/com/fasterxml/jackson/datatype/jackson-datatype-jdk8/2.9.5/jackson-datatype-jdk8-2.9.5.jar:/Users/supriyajain/.m2/repository/com/fasterxml/jackson/datatype/jackson-datatype-jsr310/2.9.5/jackson-datatype-jsr310-2.9.5.jar:/Users/supriyajain/.m2/repository/com/fasterxml/jackson/module/jackson-module-parameter-names/2.9.5/jackson-module-parameter-names-2.9.5.jar:/Users/supriyajain/.m2/repository/org/hibernate/validator/hibernate-validator/6.0.9.Final/hibernate-validator-6.0.9.Final.jar:/Users/supriyajain/.m2/repository/javax/validation/validation-api/2.0.1.Final/validation-api-2.0.1.Final.jar:/Users/supriyajain/.m2/repository/org/jboss/logging/jboss-logging/3.3.2.Final/jboss-logging-3.3.2.Final.jar:/Users/supriyajain/.m2/repository/com/fasterxml/classmate/1.3.4/classmate-1.3.4.jar:/Users/supriyajain/.m2/repository/org/springframework/spring-web/5.0.5.RELEASE/spring-web-5.0.5.RELEASE.jar:/Users/supriyajain/.m2/repository/org/springframework/spring-webmvc/5.0.5.RELEASE/spring-webmvc-5.0.5.RELEASE.jar:/Users/supriyajain/.m2/repository/org/springframework/boot/spring-boot-starter-jdbc/2.0.1.RELEASE/spring-boot-starter-jdbc-2.0.1.RELEASE.jar:/Users/supriyajain/.m2/repository/com/zaxxer/HikariCP/2.7.8/HikariCP-2.7.8.jar:/Users/supriyajain/.m2/repository/org/springframework/spring-jdbc/5.0.5.RELEASE/spring-jdbc-5.0.5.RELEASE.jar:/Users/supriyajain/.m2/repository/org/springframework/spring-tx/5.0.5.RELEASE/spring-tx-5.0.5.RELEASE.jar:/Users/supriyajain/.m2/repository/org/springframework/boot/spring-boot-starter-security/2.0.1.RELEASE/spring-boot-starter-security-2.0.1.RELEASE.jar:/Users/supriyajain/.m2/repository/org/springframework/spring-aop/5.0.5.RELEASE/spring-aop-5.0.5.RELEASE.jar:/Users/supriyajain/.m2/repository/org/springframework/security/spring-security-config/5.0.4.RELEASE/spring-security-config-5.0.4.RELEASE.jar:/Users/supriyajain/.m2/repository/org/springframework/security/spring-security-web/5.0.4.RELEASE/spring-security-web-5.0.4.RELEASE.jar:/Users/supriyajain/.m2/repository/mysql/mysql-connector-java/8.0.13/mysql-connector-java-8.0.13.jar:/Users/supriyajain/.m2/repository/com/google/protobuf/protobuf-java/3.6.1/protobuf-java-3.6.1.jar:/Users/supriyajain/.m2/repository/org/springframework/boot/spring-boot-starter-data-mongodb/2.0.1.RELEASE/spring-boot-starter-data-mongodb-2.0.1.RELEASE.jar:/Users/supriyajain/.m2/repository/org/mongodb/mongodb-driver/3.6.3/mongodb-driver-3.6.3.jar:/Users/supriyajain/.m2/repository/org/springframework/data/spring-data-mongodb/2.0.6.RELEASE/spring-data-mongodb-2.0.6.RELEASE.jar:/Users/supriyajain/.m2/repository/org/springframework/data/spring-data-commons/2.0.6.RELEASE/spring-data-commons-2.0.6.RELEASE.jar:/Users/supriyajain/.m2/repository/org/apache/commons/commons-dbcp2/2.1.1/commons-dbcp2-2.1.1.jar:/Users/supriyajain/.m2/repository/org/apache/commons/commons-pool2/2.5.0/commons-pool2-2.5.0.jar:/Users/supriyajain/.m2/repository/javax/xml/bind/jaxb-api/2.3.0/jaxb-api-2.3.0.jar:/Users/supriyajain/.m2/repository/org/springframework/boot/spring-boot-starter-tomcat/2.0.1.RELEASE/spring-boot-starter-tomcat-2.0.1.RELEASE.jar:/Users/supriyajain/.m2/repository/javax/annotation/javax.annotation-api/1.3.2/javax.annotation-api-1.3.2.jar:/Users/supriyajain/.m2/repository/org/apache/tomcat/embed/tomcat-embed-core/8.5.29/tomcat-embed-core-8.5.29.jar:/Users/supriyajain/.m2/repository/org/apache/tomcat/embed/tomcat-embed-el/8.5.29/tomcat-embed-el-8.5.29.jar:/Users/supriyajain/.m2/repository/org/apache/tomcat/embed/tomcat-embed-websocket/8.5.29/tomcat-embed-websocket-8.5.29.jar:/Users/supriyajain/.m2/repository/junit/junit/4.12/junit-4.12.jar:/Users/supriyajain/.m2/repository/org/hamcrest/hamcrest-core/1.3/hamcrest-core-1.3.jar:/Users/supriyajain/.m2/repository/log4j/log4j/1.2.17/log4j-1.2.17.jar:/Users/supriyajain/.m2/repository/org/apache/tiles/tiles-core/3.0.5/tiles-core-3.0.5.jar:/Users/supriyajain/.m2/repository/commons-digester/commons-digester/2.0/commons-digester-2.0.jar:/Users/supriyajain/.m2/repository/commons-beanutils/commons-beanutils/1.8.0/commons-beanutils-1.8.0.jar:/Users/supriyajain/.m2/repository/org/slf4j/jcl-over-slf4j/1.7.25/jcl-over-slf4j-1.7.25.jar:/Users/supriyajain/.m2/repository/org/slf4j/slf4j-api/1.7.25/slf4j-api-1.7.25.jar:/Users/supriyajain/.m2/repository/org/apache/tiles/tiles-api/3.0.5/tiles-api-3.0.5.jar:/Users/supriyajain/.m2/repository/org/apache/tiles/tiles-request-api/1.0.6/tiles-request-api-1.0.6.jar:/Users/supriyajain/.m2/repository/org/apache/tiles/tiles-servlet/3.0.5/tiles-servlet-3.0.5.jar:/Users/supriyajain/.m2/repository/org/apache/tiles/tiles-request-servlet/1.0.6/tiles-request-servlet-1.0.6.jar:/Users/supriyajain/.m2/repository/org/apache/tiles/tiles-jsp/3.0.5/tiles-jsp-3.0.5.jar:/Users/supriyajain/.m2/repository/org/apache/tiles/tiles-template/3.0.5/tiles-template-3.0.5.jar:/Users/supriyajain/.m2/repository/org/apache/tiles/tiles-autotag-core-runtime/1.1.0/tiles-autotag-core-runtime-1.1.0.jar:/Users/supriyajain/.m2/repository/org/apache/tiles/tiles-request-jsp/1.0.6/tiles-request-jsp-1.0.6.jar:/Users/supriyajain/.m2/repository/javax/servlet/javax.servlet-api/3.1.0/javax.servlet-api-3.1.0.jar:/Users/supriyajain/.m2/repository/javax/servlet/jsp/javax.servlet.jsp-api/2.3.1/javax.servlet.jsp-api-2.3.1.jar:/Users/supriyajain/.m2/repository/javax/servlet/jstl/1.2/jstl-1.2.jar:/Users/supriyajain/.m2/repository/taglibs/standard/1.1.2/standard-1.1.2.jar:/Users/supriyajain/.m2/repository/org/springframework/security/spring-security-taglibs/3.1.3.RELEASE/spring-security-taglibs-3.1.3.RELEASE.jar:/Users/supriyajain/.m2/repository/org/springframework/security/spring-security-core/5.0.4.RELEASE/spring-security-core-5.0.4.RELEASE.jar:/Users/supriyajain/.m2/repository/org/springframework/security/spring-security-acl/5.0.4.RELEASE/spring-security-acl-5.0.4.RELEASE.jar:/Users/supriyajain/.m2/repository/org/springframework/spring-core/5.0.5.RELEASE/spring-core-5.0.5.RELEASE.jar:/Users/supriyajain/.m2/repository/org/springframework/spring-jcl/5.0.5.RELEASE/spring-jcl-5.0.5.RELEASE.jar:/Users/supriyajain/.m2/repository/org/springframework/spring-context/5.0.5.RELEASE/spring-context-5.0.5.RELEASE.jar:/Users/supriyajain/.m2/repository/org/springframework/spring-beans/5.0.5.RELEASE/spring-beans-5.0.5.RELEASE.jar:/Users/supriyajain/.m2/repository/org/springframework/spring-expression/5.0.5.RELEASE/spring-expression-5.0.5.RELEASE.jar:"/>
    <property name="java.vm.vendor" value="&quot;Oracle Corporation&quot;"/>
    <property name="sun.arch.data.model" value="64"/>
    <property name="java.vendor.url" value="http://java.oracle.com/"/>
    <property name="user.timezone" value=""/>
    <property name="java.vm.specification.version" value="10"/>
    <property name="os.name" value="Mac OS X"/>
    <property name="sun.java.launcher" value="SUN_STANDARD"/>
    <property name="user.country" value="US"/>
    <property name="sun.boot.library.path" value="/Library/Java/JavaVirtualMachines/jdk-10.0.2.jdk/Contents/Home/lib"/>
    <property name="sun.java.command" value="/Users/supriyajain/Desktop/GitRepo/cmpe281/cmpe281/CloudSense/target/surefire/surefirebooter13458643533739484605.jar /Users/supriyajain/Desktop/GitRepo/cmpe281/cmpe281/CloudSense/target/surefire 2018-12-19T00-25-48_989-jvmRun1 surefire6842598259875731465tmp surefire_04508095410605389044tmp"/>
    <property name="http.nonProxyHosts" value="local|*.local|169.254/16|*.169.254/16"/>
    <property name="jdk.debug" value="release"/>
    <property name="surefire.test.class.path" value="/Users/supriyajain/Desktop/GitRepo/cmpe281/cmpe281/CloudSense/target/test-classes:/Users/supriyajain/Desktop/GitRepo/cmpe281/cmpe281/CloudSense/target/classes:/Users/supriyajain/.m2/repository/org/mongodb/mongodb-driver-sync/3.9.0/mongodb-driver-sync-3.9.0.jar:/Users/supriyajain/.m2/repository/org/mongodb/bson/3.6.3/bson-3.6.3.jar:/Users/supriyajain/.m2/repository/org/mongodb/mongodb-driver-core/3.6.3/mongodb-driver-core-3.6.3.jar:/Users/supriyajain/.m2/repository/com/fusioncharts/fusionexport/fusionexport/1.0.0/fusionexport-1.0.0.jar:/Users/supriyajain/.m2/repository/org/jsoup/jsoup/1.7.2/jsoup-1.7.2.jar:/Users/supriyajain/.m2/repository/org/apache/ant/ant/1.8.2/ant-1.8.2.jar:/Users/supriyajain/.m2/repository/org/apache/ant/ant-launcher/1.8.2/ant-launcher-1.8.2.jar:/Users/supriyajain/.m2/repository/org/apache/httpcomponents/httpclient/4.5.5/httpclient-4.5.5.jar:/Users/supriyajain/.m2/repository/org/apache/httpcomponents/httpcore/4.4.9/httpcore-4.4.9.jar:/Users/supriyajain/.m2/repository/commons-codec/commons-codec/1.11/commons-codec-1.11.jar:/Users/supriyajain/.m2/repository/org/apache/httpcomponents/httpmime/4.5.5/httpmime-4.5.5.jar:/Users/supriyajain/.m2/repository/com/google/code/gson/gson/2.8.5/gson-2.8.5.jar:/Users/supriyajain/.m2/repository/org/springframework/boot/spring-boot-starter-web/2.0.1.RELEASE/spring-boot-starter-web-2.0.1.RELEASE.jar:/Users/supriyajain/.m2/repository/org/springframework/boot/spring-boot-starter/2.0.1.RELEASE/spring-boot-starter-2.0.1.RELEASE.jar:/Users/supriyajain/.m2/repository/org/springframework/boot/spring-boot/2.0.1.RELEASE/spring-boot-2.0.1.RELEASE.jar:/Users/supriyajain/.m2/repository/org/springframework/boot/spring-boot-autoconfigure/2.0.1.RELEASE/spring-boot-autoconfigure-2.0.1.RELEASE.jar:/Users/supriyajain/.m2/repository/org/springframework/boot/spring-boot-starter-logging/2.0.1.RELEASE/spring-boot-starter-logging-2.0.1.RELEASE.jar:/Users/supriyajain/.m2/repository/ch/qos/logback/logback-classic/1.2.3/logback-classic-1.2.3.jar:/Users/supriyajain/.m2/repository/ch/qos/logback/logback-core/1.2.3/logback-core-1.2.3.jar:/Users/supriyajain/.m2/repository/org/apache/logging/log4j/log4j-to-slf4j/2.10.0/log4j-to-slf4j-2.10.0.jar:/Users/supriyajain/.m2/repository/org/apache/logging/log4j/log4j-api/2.10.0/log4j-api-2.10.0.jar:/Users/supriyajain/.m2/repository/org/slf4j/jul-to-slf4j/1.7.25/jul-to-slf4j-1.7.25.jar:/Users/supriyajain/.m2/repository/org/yaml/snakeyaml/1.19/snakeyaml-1.19.jar:/Users/supriyajain/.m2/repository/org/springframework/boot/spring-boot-starter-json/2.0.1.RELEASE/spring-boot-starter-json-2.0.1.RELEASE.jar:/Users/supriyajain/.m2/repository/com/fasterxml/jackson/core/jackson-databind/2.9.5/jackson-databind-2.9.5.jar:/Users/supriyajain/.m2/repository/com/fasterxml/jackson/core/jackson-annotations/2.9.0/jackson-annotations-2.9.0.jar:/Users/supriyajain/.m2/repository/com/fasterxml/jackson/core/jackson-core/2.9.5/jackson-core-2.9.5.jar:/Users/supriyajain/.m2/repository/com/fasterxml/jackson/datatype/jackson-datatype-jdk8/2.9.5/jackson-datatype-jdk8-2.9.5.jar:/Users/supriyajain/.m2/repository/com/fasterxml/jackson/datatype/jackson-datatype-jsr310/2.9.5/jackson-datatype-jsr310-2.9.5.jar:/Users/supriyajain/.m2/repository/com/fasterxml/jackson/module/jackson-module-parameter-names/2.9.5/jackson-module-parameter-names-2.9.5.jar:/Users/supriyajain/.m2/repository/org/hibernate/validator/hibernate-validator/6.0.9.Final/hibernate-validator-6.0.9.Final.jar:/Users/supriyajain/.m2/repository/javax/validation/validation-api/2.0.1.Final/validation-api-2.0.1.Final.jar:/Users/supriyajain/.m2/repository/org/jboss/logging/jboss-logging/3.3.2.Final/jboss-logging-3.3.2.Final.jar:/Users/supriyajain/.m2/repository/com/fasterxml/classmate/1.3.4/classmate-1.3.4.jar:/Users/supriyajain/.m2/repository/org/springframework/spring-web/5.0.5.RELEASE/spring-web-5.0.5.RELEASE.jar:/Users/supriyajain/.m2/repository/org/springframework/spring-webmvc/5.0.5.RELEASE/spring-webmvc-5.0.5.RELEASE.jar:/Users/supriyajain/.m2/repository/org/springframework/boot/spring-boot-starter-jdbc/2.0.1.RELEASE/spring-boot-starter-jdbc-2.0.1.RELEASE.jar:/Users/supriyajain/.m2/repository/com/zaxxer/HikariCP/2.7.8/HikariCP-2.7.8.jar:/Users/supriyajain/.m2/repository/org/springframework/spring-jdbc/5.0.5.RELEASE/spring-jdbc-5.0.5.RELEASE.jar:/Users/supriyajain/.m2/repository/org/springframework/spring-tx/5.0.5.RELEASE/spring-tx-5.0.5.RELEASE.jar:/Users/supriyajain/.m2/repository/org/springframework/boot/spring-boot-starter-security/2.0.1.RELEASE/spring-boot-starter-security-2.0.1.RELEASE.jar:/Users/supriyajain/.m2/repository/org/springframework/spring-aop/5.0.5.RELEASE/spring-aop-5.0.5.RELEASE.jar:/Users/supriyajain/.m2/repository/org/springframework/security/spring-security-config/5.0.4.RELEASE/spring-security-config-5.0.4.RELEASE.jar:/Users/supriyajain/.m2/repository/org/springframework/security/spring-security-web/5.0.4.RELEASE/spring-security-web-5.0.4.RELEASE.jar:/Users/supriyajain/.m2/repository/mysql/mysql-connector-java/8.0.13/mysql-connector-java-8.0.13.jar:/Users/supriyajain/.m2/repository/com/google/protobuf/protobuf-java/3.6.1/protobuf-java-3.6.1.jar:/Users/supriyajain/.m2/repository/org/springframework/boot/spring-boot-starter-data-mongodb/2.0.1.RELEASE/spring-boot-starter-data-mongodb-2.0.1.RELEASE.jar:/Users/supriyajain/.m2/repository/org/mongodb/mongodb-driver/3.6.3/mongodb-driver-3.6.3.jar:/Users/supriyajain/.m2/repository/org/springframework/data/spring-data-mongodb/2.0.6.RELEASE/spring-data-mongodb-2.0.6.RELEASE.jar:/Users/supriyajain/.m2/repository/org/springframework/data/spring-data-commons/2.0.6.RELEASE/spring-data-commons-2.0.6.RELEASE.jar:/Users/supriyajain/.m2/repository/org/apache/commons/commons-dbcp2/2.1.1/commons-dbcp2-2.1.1.jar:/Users/supriyajain/.m2/repository/org/apache/commons/commons-pool2/2.5.0/commons-pool2-2.5.0.jar:/Users/supriyajain/.m2/repository/javax/xml/bind/jaxb-api/2.3.0/jaxb-api-2.3.0.jar:/Users/supriyajain/.m2/repository/org/springframework/boot/spring-boot-starter-tomcat/2.0.1.RELEASE/spring-boot-starter-tomcat-2.0.1.RELEASE.jar:/Users/supriyajain/.m2/repository/javax/annotation/javax.annotation-api/1.3.2/javax.annotation-api-1.3.2.jar:/Users/supriyajain/.m2/repository/org/apache/tomcat/embed/tomcat-embed-core/8.5.29/tomcat-embed-core-8.5.29.jar:/Users/supriyajain/.m2/repository/org/apache/tomcat/embed/tomcat-embed-el/8.5.29/tomcat-embed-el-8.5.29.jar:/Users/supriyajain/.m2/repository/org/apache/tomcat/embed/tomcat-embed-websocket/8.5.29/tomcat-embed-websocket-8.5.29.jar:/Users/supriyajain/.m2/repository/junit/junit/4.12/junit-4.12.jar:/Users/supriyajain/.m2/repository/org/hamcrest/hamcrest-core/1.3/hamcrest-core-1.3.jar:/Users/supriyajain/.m2/repository/log4j/log4j/1.2.17/log4j-1.2.17.jar:/Users/supriyajain/.m2/repository/org/apache/tiles/tiles-core/3.0.5/tiles-core-3.0.5.jar:/Users/supriyajain/.m2/repository/commons-digester/commons-digester/2.0/commons-digester-2.0.jar:/Users/supriyajain/.m2/repository/commons-beanutils/commons-beanutils/1.8.0/commons-beanutils-1.8.0.jar:/Users/supriyajain/.m2/repository/org/slf4j/jcl-over-slf4j/1.7.25/jcl-over-slf4j-1.7.25.jar:/Users/supriyajain/.m2/repository/org/slf4j/slf4j-api/1.7.25/slf4j-api-1.7.25.jar:/Users/supriyajain/.m2/repository/org/apache/tiles/tiles-api/3.0.5/tiles-api-3.0.5.jar:/Users/supriyajain/.m2/repository/org/apache/tiles/tiles-request-api/1.0.6/tiles-request-api-1.0.6.jar:/Users/supriyajain/.m2/repository/org/apache/tiles/tiles-servlet/3.0.5/tiles-servlet-3.0.5.jar:/Users/supriyajain/.m2/repository/org/apache/tiles/tiles-request-servlet/1.0.6/tiles-request-servlet-1.0.6.jar:/Users/supriyajain/.m2/repository/org/apache/tiles/tiles-jsp/3.0.5/tiles-jsp-3.0.5.jar:/Users/supriyajain/.m2/repository/org/apache/tiles/tiles-template/3.0.5/tiles-template-3.0.5.jar:/Users/supriyajain/.m2/repository/org/apache/tiles/tiles-autotag-core-runtime/1.1.0/tiles-autotag-core-runtime-1.1.0.jar:/Users/supriyajain/.m2/repository/org/apache/tiles/tiles-request-jsp/1.0.6/tiles-request-jsp-1.0.6.jar:/Users/supriyajain/.m2/repository/javax/servlet/javax.servlet-api/3.1.0/javax.servlet-api-3.1.0.jar:/Users/supriyajain/.m2/repository/javax/servlet/jsp/javax.servlet.jsp-api/2.3.1/javax.servlet.jsp-api-2.3.1.jar:/Users/supriyajain/.m2/repository/javax/servlet/jstl/1.2/jstl-1.2.jar:/Users/supriyajain/.m2/repository/taglibs/standard/1.1.2/standard-1.1.2.jar:/Users/supriyajain/.m2/repository/org/springframework/security/spring-security-taglibs/3.1.3.RELEASE/spring-security-taglibs-3.1.3.RELEASE.jar:/Users/supriyajain/.m2/repository/org/springframework/security/spring-security-core/5.0.4.RELEASE/spring-security-core-5.0.4.RELEASE.jar:/Users/supriyajain/.m2/repository/org/springframework/security/spring-security-acl/5.0.4.RELEASE/spring-security-acl-5.0.4.RELEASE.jar:/Users/supriyajain/.m2/repository/org/springframework/spring-core/5.0.5.RELEASE/spring-core-5.0.5.RELEASE.jar:/Users/supriyajain/.m2/repository/org/springframework/spring-jcl/5.0.5.RELEASE/spring-jcl-5.0.5.RELEASE.jar:/Users/supriyajain/.m2/repository/org/springframework/spring-context/5.0.5.RELEASE/spring-context-5.0.5.RELEASE.jar:/Users/supriyajain/.m2/repository/org/springframework/spring-beans/5.0.5.RELEASE/spring-beans-5.0.5.RELEASE.jar:/Users/supriyajain/.m2/repository/org/springframework/spring-expression/5.0.5.RELEASE/spring-expression-5.0.5.RELEASE.jar:"/>
    <property name="sun.cpu.endian" value="little"/>
    <property name="user.home" value="/Users/supriyajain"/>
    <property name="user.language" value="en"/>
    <property name="java.specification.vendor" value="Oracle Corporation"/>
    <property name="java.version.date" value="2018-07-17"/>
    <property name="java.home" value="/Library/Java/JavaVirtualMachines/jdk-10.0.2.jdk/Contents/Home"/>
    <property name="file.separator" value="/"/>
    <property name="basedir" value="/Users/supriyajain/Desktop/GitRepo/cmpe281/cmpe281/CloudSense"/>
    <property name="java.vm.compressedOopsMode" value="Zero based"/>
    <property name="line.separator" value="&#10;"/>
    <property name="java.specification.name" value="Java Platform API Specification"/>
    <property name="java.vm.specification.vendor" value="Oracle Corporation"/>
    <property name="java.awt.graphicsenv" value="sun.awt.CGraphicsEnvironment"/>
    <property name="surefire.real.class.path" value="/Users/supriyajain/Desktop/GitRepo/cmpe281/cmpe281/CloudSense/target/surefire/surefirebooter13458643533739484605.jar"/>
    <property name="sun.management.compiler" value="HotSpot 64-Bit Tiered Compilers"/>
    <property name="ftp.nonProxyHosts" value="local|*.local|169.254/16|*.169.254/16"/>
    <property name="java.runtime.version" value="10.0.2+13"/>
    <property name="user.name" value="supriyajain"/>
    <property name="path.separator" value=":"/>
    <property name="os.version" value="10.13.6"/>
    <property name="java.runtime.name" value="Java(TM) SE Runtime Environment"/>
    <property name="file.encoding" value="UTF-8"/>
    <property name="java.vm.name" value="Java HotSpot(TM) 64-Bit Server VM"/>
    <property name="java.vendor.version" value="18.3"/>
    <property name="localRepository" value="/Users/supriyajain/.m2/repository"/>
    <property name="java.vendor.url.bug" value="http://bugreport.java.com/bugreport/"/>
    <property name="java.io.tmpdir" value="/var/folders/m6/z4pzkq392vb8b106kb2q7rrm0000gn/T/"/>
    <property name="java.version" value="10.0.2"/>
    <property name="user.dir" value="/Users/supriyajain/Desktop/GitRepo/cmpe281/cmpe281/CloudSense"/>
    <property name="os.arch" value="x86_64"/>
    <property name="java.vm.specification.name" value="Java Virtual Machine Specification"/>
    <property name="java.awt.printerjob" value="sun.lwawt.macosx.CPrinterJob"/>
    <property name="sun.os.patch.level" value="unknown"/>
    <property name="java.library.path" value="/Users/supriyajain/Library/Java/Extensions:/Library/Java/Extensions:/Network/Library/Java/Extensions:/System/Library/Java/Extensions:/usr/lib/java:."/>
    <property name="java.vendor" value="Oracle Corporation"/>
    <property name="java.vm.info" value="mixed mode"/>
    <property name="java.vm.version" value="10.0.2+13"/>
    <property name="sun.io.unicode.encoding" value="UnicodeBig"/>
    <property name="java.class.version" value="54.0"/>
    <property name="socksNonProxyHosts" value="local|*.local|169.254/16|*.169.254/16"/>
  </properties>
  <testcase name="AddSmartNodeTest1" classname="smartstreet.SensorStationTest" time="0"/>
</testsuite>